<?xml version="1.0" encoding="UTF-8"?>
<testng-results ignored="0" total="1" passed="1" failed="0" skipped="0">
  <reporter-output>
  </reporter-output>
  <suite started-at="2024-11-09T15:11:32 IST" name="Default suite" finished-at="2024-11-09T15:11:37 IST" duration-ms="4781">
    <groups>
      <group name="cucumber">
        <method signature="AbstractTestNGCucumberTests.runScenario(io.cucumber.testng.PickleWrapper,io.cucumber.testng.FeatureWrapper)[pri:0, instance:CucumberExecutor.TestRunner@70cf32e3]" name="runScenario" class="io.cucumber.testng.AbstractTestNGCucumberTests"/>
      </group> <!-- cucumber -->
    </groups>
    <test started-at="2024-11-09T15:11:32 IST" name="Default test" finished-at="2024-11-09T15:11:37 IST" duration-ms="4781">
      <class name="CucumberExecutor.TestRunner">
        <test-method is-config="true" signature="setUpClass(org.testng.ITestContext)[pri:0, instance:CucumberExecutor.TestRunner@70cf32e3]" started-at="2024-11-09T15:11:32 IST" name="setUpClass" finished-at="2024-11-09T15:11:33 IST" duration-ms="734" status="PASS">
          <params>
            <param index="0">
              <value>
                <![CDATA[org.testng.TestRunner@3312f4f4]]>
              </value>
            </param>
          </params>
          <reporter-output>
          </reporter-output>
        </test-method> <!-- setUpClass -->
        <test-method is-config="true" signature="setUp()[pri:0, instance:CucumberExecutor.TestRunner@70cf32e3]" started-at="2024-11-09T15:11:33 IST" name="setUp" finished-at="2024-11-09T15:11:35 IST" duration-ms="2603" status="PASS">
          <reporter-output>
          </reporter-output>
        </test-method> <!-- setUp -->
        <test-method signature="runScenario(io.cucumber.testng.PickleWrapper,io.cucumber.testng.FeatureWrapper)[pri:0, instance:CucumberExecutor.TestRunner@70cf32e3]" started-at="2024-11-09T15:11:35 IST" name="runScenario" description="Runs Cucumber Scenarios" data-provider="scenarios" finished-at="2024-11-09T15:11:37 IST" duration-ms="1239" status="PASS">
          <params>
            <param index="0">
              <value>
                <![CDATA["Navigate to Google homepage"]]>
              </value>
            </param>
            <param index="1">
              <value>
                <![CDATA["Navigate to a URL"]]>
              </value>
            </param>
          </params>
          <reporter-output>
          </reporter-output>
        </test-method> <!-- runScenario -->
        <test-method is-config="true" signature="tearDownClass()[pri:0, instance:CucumberExecutor.TestRunner@70cf32e3]" started-at="2024-11-09T15:11:37 IST" name="tearDownClass" finished-at="2024-11-09T15:11:37 IST" duration-ms="151" status="PASS">
          <reporter-output>
          </reporter-output>
        </test-method> <!-- tearDownClass -->
      </class> <!-- CucumberExecutor.TestRunner -->
    </test> <!-- Default test -->
  </suite> <!-- Default suite -->
</testng-results>
